\BOOKMARK [0][-]{chapter.1}{\376\377\000\332\000v\000o\000d}{}% 1
\BOOKMARK [0][-]{chapter.2}{\376\377\000G\000U\000I}{}% 2
\BOOKMARK [1][-]{section.2.1}{\376\377\000H\000i\000s\000t\000o\000r\000i\000e\000\040\000G\000U\000I}{chapter.2}% 3
\BOOKMARK [2][-]{subsection.2.1.1}{\376\377\000P\000o\001\015\000\341\000t\000k\000y\000\040\000G\000U\000I}{section.2.1}% 4
\BOOKMARK [2][-]{subsection.2.1.2}{\376\377\000P\000r\000v\000n\000\355\000\040\000G\000U\000I}{section.2.1}% 5
\BOOKMARK [2][-]{subsection.2.1.3}{\376\377\000R\000o\000z\000v\000o\000j\000\040\000v\000\040\000o\000s\000m\000d\000e\000s\000\341\000t\000\375\000c\000h\000\040\000l\000e\000t\000e\000c\000h}{section.2.1}% 6
\BOOKMARK [1][-]{section.2.2}{\376\377\000D\000e\000k\000l\000a\000r\000a\000t\000i\000v\000n\000\355\000\040\000m\000o\000d\000e\000l\000y\000\040\000p\000r\000o\000\040\000t\000v\000o\000r\000b\000u\000\040\000G\000U\000I}{chapter.2}% 7
\BOOKMARK [1][-]{section.2.3}{\376\377\000G\000U\000I\000\040\000E\000d\000i\000t\000o\000r\000y}{chapter.2}% 8
\BOOKMARK [1][-]{section.2.4}{\376\377\000D\000e\000k\000l\000a\000r\000a\000t\000i\000v\000n\000\355\000\040\000G\000U\000I}{chapter.2}% 9
\BOOKMARK [1][-]{section.2.5}{\376\377\000J\000a\000z\000y\000k\000\040\000Q\000M\000L}{chapter.2}% 10
\BOOKMARK [2][-]{subsection.2.5.1}{\376\377\000Q\000t}{section.2.5}% 11
\BOOKMARK [2][-]{subsection.2.5.2}{\376\377\000Q\000t\000\040\000Q\000u\000i\000c\000k}{section.2.5}% 12
\BOOKMARK [2][-]{subsection.2.5.3}{\376\377\000Q\000M\000L}{section.2.5}% 13
\BOOKMARK [0][-]{chapter.3}{\376\377\000J\000a\000z\000y\000k\000\040\000C\000Q\000M\000L}{}% 14
\BOOKMARK [1][-]{section.3.1}{\376\377\000N\000\341\000v\000r\000h\000\040\000s\000y\000n\000t\000a\000x\000e}{chapter.3}% 15
\BOOKMARK [2][-]{subsection.3.1.1}{\376\377\000K\000o\000m\000p\000o\000n\000e\000n\000t\000y}{section.3.1}% 16
\BOOKMARK [2][-]{subsection.3.1.2}{\376\377\000P\000o\000u\001\176\000i\000t\000\355\000\040\000e\000x\000t\000e\000r\000n\000\355\000\040\000l\000o\000g\000i\000k\000y}{section.3.1}% 17
\BOOKMARK [1][-]{section.3.2}{\376\377\000V\000o\000l\000b\000a\000\040\000g\000r\000a\000m\000a\000t\000i\000k\000y}{chapter.3}% 18
\BOOKMARK [0][-]{chapter.4}{\376\377\000N\000\341\000v\000r\000h\000\040\000n\000\341\000s\000t\000r\000o\000j\001\157}{}% 19
\BOOKMARK [1][-]{section.4.1}{\376\377\000D\000e\000k\000l\000a\000r\000a\000c\000e\000\040\000v\000e\000s\000t\000a\000v\001\033\000n\000\375\000c\000h\000\040\000t\000y\000p\001\157}{chapter.4}% 20
\BOOKMARK [1][-]{section.4.2}{\376\377\000P\001\131\000e\000k\000l\000a\000d\000a\001\015}{chapter.4}% 21
\BOOKMARK [2][-]{subsection.4.2.1}{\376\377\000Z\000p\000r\000a\000c\000o\000v\000\341\000n\000\355\000\040\000k\000\363\000d\000u\000\040\000v\000\040\000j\000a\000z\000y\000c\000e\000\040\000C\000+\000+}{section.4.2}% 22
\BOOKMARK [2][-]{subsection.4.2.2}{\376\377\000V\000\375\000s\000t\000u\000p}{section.4.2}% 23
\BOOKMARK [1][-]{section.4.3}{\376\377\000P\000r\000e\000p\000r\000o\000c\000e\000s\000o\000r\000\040\000d\000a\000t\000o\000v\000\375\000c\000h\000\040\000t\000y\000p\001\157}{chapter.4}% 24
\BOOKMARK [2][-]{subsection.4.3.1}{\376\377\000\040\000G\000e\000n\000e\000r\000o\000v\000\341\000n\000\355\000\040\000v\000\375\000s\000t\000u\000p\000n\000\355\000h\000o\000\040\000k\000\363\000d\000u}{section.4.3}% 25
\BOOKMARK [2][-]{subsection.4.3.2}{\376\377\000\040\000H\000a\001\141\000o\000v\000\341\000n\000\355}{section.4.3}% 26
\BOOKMARK [1][-]{section.4.4}{\376\377\000K\000n\000i\000h\000o\000v\000n\000a}{chapter.4}% 27
\BOOKMARK [2][-]{subsection.4.4.1}{\376\377\000V\000s\000t\000u\000p}{section.4.4}% 28
\BOOKMARK [2][-]{subsection.4.4.2}{\376\377\000S\000p\000r\000\341\000v\000a\000\040\000G\000U\000I}{section.4.4}% 29
\BOOKMARK [2][-]{subsection.4.4.3}{\376\377\000V\000y\000k\000r\000e\000s\000l\000o\000v\000\341\000n\000\355}{section.4.4}% 30
\BOOKMARK [2][-]{subsection.4.4.4}{\376\377\000I\000n\000i\000c\000i\000a\000l\000i\000z\000a\000c\000e}{section.4.4}% 31
\BOOKMARK [2][-]{subsection.4.4.5}{\376\377\000V\000a\000r\000i\000a\000n\000t}{section.4.4}% 32
\BOOKMARK [0][-]{chapter.5}{\376\377\000I\000m\000p\000l\000e\000m\000e\000n\000t\000a\000c\000e}{}% 33
\BOOKMARK [1][-]{section.5.1}{\376\377\000P\001\131\000i\000d\000\341\000v\000\341\000n\000\355\000\040\000v\000e\000s\000t\000a\000v\001\033\000n\000\375\000c\000h\000\040\000t\000y\000p\001\157}{chapter.5}% 34
\BOOKMARK [1][-]{section.5.2}{\376\377\000P\001\131\000e\000k\000l\000a\000d\000a\001\015}{chapter.5}% 35
\BOOKMARK [2][-]{subsection.5.2.1}{\376\377\000Z\000p\000r\000a\000c\000o\000v\000\341\000n\000\355\000\040\000v\000s\000t\000u\000p\000u}{section.5.2}% 36
\BOOKMARK [2][-]{subsection.5.2.2}{\376\377\000K\000o\000n\000s\000t\000r\000u\000k\000c\000e\000\040\000a\000\040\000z\000p\000r\000a\000c\000o\000v\000\341\000n\000\355\000\040\000p\000o\000m\000o\000c\000n\000\375\000c\000h\000\040\000s\000t\000r\000u\000k\000t\000u\000r}{section.5.2}% 37
\BOOKMARK [2][-]{subsection.5.2.3}{\376\377\000Z\000p\000r\000a\000c\000o\000v\000\341\000n\000\355\000\040\000k\000\363\000d\000u\000\040\000v\000\040\000j\000a\000z\000y\000c\000e\000\040\000C\000+\000+}{section.5.2}% 38
\BOOKMARK [2][-]{subsection.5.2.4}{\376\377\000V\000\375\000s\000t\000u\000p}{section.5.2}% 39
\BOOKMARK [1][-]{section.5.3}{\376\377\000P\000r\000e\000p\000r\000o\000c\000e\000s\000o\000r\000\040\000v\000e\000s\000t\000a\000v\001\033\000n\000\375\000c\000h\000\040\000t\000y\000p\001\157}{chapter.5}% 40
\BOOKMARK [2][-]{subsection.5.3.1}{\376\377\000I\000n\000i\000c\000i\000a\000l\000i\000z\000a\000c\000e}{section.5.3}% 41
\BOOKMARK [2][-]{subsection.5.3.2}{\376\377\000G\000e\000n\000e\000r\000o\000v\000\341\000n\000\355\000\040\000h\000a\001\141\000o\000v\000a\000c\000\355\000c\000h\000\040\000f\000u\000n\000k\000c\000\355}{section.5.3}% 42
\BOOKMARK [2][-]{subsection.5.3.3}{\376\377\000G\000e\000n\000e\000r\000o\000v\000\341\000n\000\355\000\040\000v\000\375\000s\000t\000u\000p\000n\000\355\000h\000o\000\040\000k\000\363\000d\000u}{section.5.3}% 43
\BOOKMARK [1][-]{section.5.4}{\376\377\000K\000n\000i\000h\000o\000v\000n\000a}{chapter.5}% 44
\BOOKMARK [2][-]{subsection.5.4.1}{\376\377\000I\000n\000i\000c\000i\000a\000l\000i\000z\000a\000c\000e}{section.5.4}% 45
\BOOKMARK [2][-]{subsection.5.4.2}{\376\377\000U\000p\000d\000a\000t\000e}{section.5.4}% 46
\BOOKMARK [2][-]{subsection.5.4.3}{\376\377\000V\000y\000k\000r\000e\000s\000l\000o\000v\000\341\000n\000\355}{section.5.4}% 47
\BOOKMARK [2][-]{subsection.5.4.4}{\376\377\000Z\000p\000r\000a\000c\000o\000v\000\341\000n\000\355\000\040\000v\000s\000t\000u\000p\000u}{section.5.4}% 48
\BOOKMARK [2][-]{subsection.5.4.5}{\376\377\000S\000p\000r\000\341\000v\000a\000\040\000e\000x\000t\000e\000r\000n\000\355\000c\000h\000\040\000z\000d\000r\000o\000j\001\157}{section.5.4}% 49
\BOOKMARK [2][-]{subsection.5.4.6}{\376\377\000D\000a\000t\000o\000v\000\375\000\040\000t\000y\000p\000\040\000V\000a\000r\000i\000a\000n\000t\000\040\000a\000\040\000V\000a\000r\000i\000a\000n\000t\000R\000e\000f}{section.5.4}% 50
\BOOKMARK [2][-]{subsection.5.4.7}{\376\377\000D\000a\000t\000o\000v\000\351\000\040\000t\000y\000p\000y\000\040\000C\000Q\000M\000L}{section.5.4}% 51
\BOOKMARK [1][-]{section.5.5}{\376\377\000U\001\176\000i\000v\000a\000t\000e\000l\000s\000k\000\341\000\040\000a\000p\000l\000i\000k\000a\000c\000e}{chapter.5}% 52
\BOOKMARK [0][-]{chapter.6}{\376\377\000V\000\375\000s\000l\000e\000d\000k\000y}{}% 53
\BOOKMARK [1][-]{section.6.1}{\376\377\000T\000v\000o\000r\000b\000a\000\040\000G\000U\000I\000\040\000p\000o\000m\000o\000c\000\355\000\040\000Q\000M\000L\000\040\000a\000\040\000C\000Q\000M\000L}{chapter.6}% 54
\BOOKMARK [2][-]{subsection.6.1.1}{\376\377\000H\000l\000a\000v\000n\000\355\000\040\000n\000a\000b\000\355\000d\000k\000a}{section.6.1}% 55
\BOOKMARK [2][-]{subsection.6.1.2}{\376\377\000K\000a\000l\000k\000u\000l\000a\001\015\000k\000a}{section.6.1}% 56
\BOOKMARK [2][-]{subsection.6.1.3}{\376\377\000J\000e\000d\000n\000o\000d\000u\000c\000h\000\341\000\040\000h\000r\000a}{section.6.1}% 57
\BOOKMARK [1][-]{section.6.2}{\376\377\000P\000o\000r\000o\000v\000n\000\341\000n\000\355\000\040\000Q\000M\000L\000\040\000a\000\040\000C\000Q\000M\000L}{chapter.6}% 58
\BOOKMARK [2][-]{subsection.6.2.1}{\376\377\000T\000v\000o\000r\000b\000a\000\040\000v\000\355\000c\000e\000\040\000o\000k\000e\000n}{section.6.2}% 59
\BOOKMARK [2][-]{subsection.6.2.2}{\376\377\000R\000e\000f\000e\000r\000e\000n\000c\000e\000\040\000n\000a\000\040\000a\000t\000r\000i\000b\000u\000t\000y}{section.6.2}% 60
\BOOKMARK [2][-]{subsection.6.2.3}{\376\377\000D\000y\000n\000a\000m\000i\000c\000k\000\341\000\040\000z\000m\001\033\000n\000a\000\040\000h\000i\000e\000r\000a\000r\000c\000h\000i\000e\000\040\000e\000l\000e\000m\000e\000n\000t\001\157}{section.6.2}% 61
\BOOKMARK [2][-]{subsection.6.2.4}{\376\377\000R\000o\000z\001\141\000i\001\131\000i\000t\000e\000l\000n\000o\000s\000t}{section.6.2}% 62
\BOOKMARK [0][-]{chapter.7}{\376\377\000Z\000\341\000v\001\033\000r}{}% 63
\BOOKMARK [0][-]{appendix.A}{\376\377\000G\000r\000a\000m\000a\000t\000i\000k\000a}{}% 64
\BOOKMARK [0][-]{appendix.B}{\376\377\000P\000o\000u\001\176\000i\000t\000\351\000\040\000t\000e\000c\000h\000n\000o\000l\000o\000g\000i\000e}{}% 65
\BOOKMARK [0][-]{appendix.C}{\376\377\000S\000y\000n\000t\000a\000x\000e\000\040\000j\000a\000z\000y\000k\000a\000\040\000C\000Q\000M\000L}{}% 66
\BOOKMARK [1][-]{section.C.1}{\376\377\000T\000v\000o\000r\000b\000a\000\040\000e\000l\000e\000m\000e\000n\000t\001\157}{appendix.C}% 67
\BOOKMARK [1][-]{section.C.2}{\376\377\000P\001\131\000i\001\131\000a\000z\000e\000n\000\355\000\040\000h\000o\000d\000n\000o\000t\000y\000\040\000a\000t\000r\000i\000b\000u\000t\000u}{appendix.C}% 68
\BOOKMARK [1][-]{section.C.3}{\376\377\000P\000r\000o\000v\000\341\000z\000\341\000n\000\355\000\040\000a\000t\000r\000i\000b\000u\000t\001\157}{appendix.C}% 69
\BOOKMARK [1][-]{section.C.4}{\376\377\000P\000o\000u\001\176\000i\000t\000\355\000\040\000i\000d\000e\000n\000t\000i\000f\000i\000k\000\341\000t\000o\000r\000u\000\040\000p\000r\000o\000\040\000p\001\131\000\355\000s\000t\000u\000p\000\040\000k\000\040\000e\000l\000e\000m\000e\000n\000t\000u}{appendix.C}% 70
\BOOKMARK [1][-]{section.C.5}{\376\377\000R\000o\000z\001\141\000\355\001\131\000e\000n\000\355\000\040\000e\000l\000e\000m\000e\000n\000t\000u\000\040\000o\000\040\000n\000o\000v\000\375\000\040\000a\000t\000r\000i\000b\000u\000t}{appendix.C}% 71
\BOOKMARK [1][-]{section.C.6}{\376\377\000R\000e\000f\000e\000r\000e\000n\000c\000e\000\040\000n\000a\000\040\000e\000l\000e\000m\000e\000n\000t}{appendix.C}% 72
\BOOKMARK [1][-]{section.C.7}{\376\377\000Z\000p\000r\000a\000c\000o\000v\000\341\000n\000\355\000\040\000u\000d\000\341\000l\000o\000s\000t\000\355}{appendix.C}% 73
\BOOKMARK [1][-]{section.C.8}{\376\377\000P\000o\000u\001\176\000i\000t\000\355\000\040\000e\000x\000t\000e\000r\000n\000\355\000\040\000l\000o\000g\000i\000k\000y}{appendix.C}% 74
\BOOKMARK [1][-]{section.C.9}{\376\377\000P\000o\000u\001\176\000i\000t\000\355\000\040\000k\000o\000m\000p\000o\000n\000e\000n\000t\000y}{appendix.C}% 75
\BOOKMARK [0][-]{appendix.D}{\376\377\000D\000a\000t\000o\000v\000\351\000\040\000t\000y\000p\000y\000\040\000C\000Q\000M\000L}{}% 76
\BOOKMARK [1][-]{section.D.1}{\376\377\000G\000r\000a\000f\000i\000c\000k\000\351\000\040\000e\000l\000e\000m\000e\000n\000t\000y}{appendix.D}% 77
\BOOKMARK [2][-]{subsection.D.1.1}{\376\377\000E\000l\000e\000m\000e\000n\000t}{section.D.1}% 78
\BOOKMARK [2][-]{subsection.D.1.2}{\376\377\000R\000e\000c\000t\000a\000n\000g\000l\000e}{section.D.1}% 79
\BOOKMARK [2][-]{subsection.D.1.3}{\376\377\000M\000o\000u\000s\000e\000A\000r\000e\000a}{section.D.1}% 80
\BOOKMARK [2][-]{subsection.D.1.4}{\376\377\000I\000m\000a\000g\000e}{section.D.1}% 81
\BOOKMARK [2][-]{subsection.D.1.5}{\376\377\000S\000c\000a\000l\000e\000d\000I\000m\000a\000g\000e}{section.D.1}% 82
\BOOKMARK [2][-]{subsection.D.1.6}{\376\377\000T\000e\000x\000t}{section.D.1}% 83
\BOOKMARK [1][-]{section.D.2}{\376\377\000H\000o\000d\000n\000o\000t\000o\000v\000\351\000\040\000t\000y\000p\000y}{appendix.D}% 84
\BOOKMARK [2][-]{subsection.D.2.1}{\376\377\000F\000o\000n\000t}{section.D.2}% 85
\BOOKMARK [2][-]{subsection.D.2.2}{\376\377\000I\000m\000g}{section.D.2}% 86
\BOOKMARK [2][-]{subsection.D.2.3}{\376\377\000C\000o\000l\000o\000r}{section.D.2}% 87
\BOOKMARK [0][-]{appendix.E}{\376\377\000N\000\341\000v\000o\000d\000\040\000n\000a\000\040\000p\000o\000u\001\176\000i\000t\000\355\000\040\000C\000Q\000M\000L}{}% 88
\BOOKMARK [1][-]{section.E.1}{\376\377\000P\000o\000u\001\176\000i\000t\000\355\000\040\000p\001\131\000e\000k\000l\000a\000d\000a\001\015\000e}{appendix.E}% 89
\BOOKMARK [2][-]{subsection.E.1.1}{\376\377\000S\000p\000u\001\141\000t\001\033\000n\000\355\000\040\000p\001\131\000e\000k\000l\000a\000d\000u}{section.E.1}% 90
\BOOKMARK [2][-]{subsection.E.1.2}{\376\377\000V\000\375\000s\000t\000u\000p\000n\000\355\000\040\000s\000o\000u\000b\000o\000r\000y}{section.E.1}% 91
\BOOKMARK [1][-]{section.E.2}{\376\377\000P\000o\000u\001\176\000i\000t\000\355\000\040\000k\000n\000i\000h\000o\000v\000n\000y}{appendix.E}% 92
\BOOKMARK [2][-]{subsection.E.2.1}{\376\377\000K\000o\000m\000p\000i\000l\000a\000c\000e\000\040\000u\001\176\000i\000v\000a\000t\000e\000l\000s\000k\000\351\000\040\000a\000p\000l\000i\000k\000a\000c\000e}{section.E.2}% 93
\BOOKMARK [2][-]{subsection.E.2.2}{\376\377\000I\000n\000i\000c\000i\000a\000l\000i\000z\000a\000c\000e\000\040\000r\000o\000z\000h\000r\000a\000n\000\355}{section.E.2}% 94
\BOOKMARK [2][-]{subsection.E.2.3}{\376\377\000Z\000p\000r\000a\000c\000o\000v\000\341\000n\000\355\000\040\000v\000s\000t\000u\000p\000u}{section.E.2}% 95
\BOOKMARK [2][-]{subsection.E.2.4}{\376\377\000R\000o\000z\000h\000r\000a\000n\000\355\000\040\000p\000r\000o\000\040\000z\000p\000r\000a\000c\000o\000v\000\341\000n\000\355\000\040\000e\000x\000t\000e\000r\000n\000\355\000c\000h\000\040\000z\000d\000r\000o\000j\001\157}{section.E.2}% 96
\BOOKMARK [2][-]{subsection.E.2.5}{\376\377\000V\000y\000k\000r\000e\000s\000l\000o\000v\000a\000c\000\355\000\040\000r\000o\000z\000h\000r\000a\000n\000\355}{section.E.2}% 97
\BOOKMARK [2][-]{subsection.E.2.6}{\376\377\000F\000u\000n\000k\000c\000e\000\040\000v\000o\000l\000a\000n\000\351\000\040\000z\000\040\000h\000l\000a\000v\000n\000\355\000\040\000p\000r\000o\000g\000r\000a\000m\000o\000v\000\351\000\040\000s\000m\000y\001\015\000k\000y}{section.E.2}% 98
\BOOKMARK [0][-]{appendix.F}{\376\377\000R\000o\000z\001\141\000i\001\131\000o\000v\000\341\000n\000\355\000\040\000C\000Q\000M\000L}{}% 99
\BOOKMARK [0][-]{appendix.G}{\376\377\000O\000b\000s\000a\000h\000\040\000C\000D}{}% 100
