\BOOKMARK [0][-]{chapter.1}{\376\377\000\332\000v\000o\000d}{}% 1
\BOOKMARK [0][-]{chapter.2}{\376\377\000R\000e\001\141\000e\000r\001\141\000e}{}% 2
\BOOKMARK [1][-]{section.2.1}{\376\377\000H\000i\000s\000t\000o\000r\000i\000e\000\040\000G\000U\000I}{chapter.2}% 3
\BOOKMARK [1][-]{section.2.2}{\376\377\000T\000v\000o\000r\000b\000a\000\040\000G\000U\000I\000\040\000p\000o\000m\000o\000c\000\355\000\040\000d\000e\000k\000l\000a\000r\000a\000t\000i\000v\000n\000\355\000c\000h\000\040\000m\000o\000d\000e\000l\001\157}{chapter.2}% 4
\BOOKMARK [1][-]{section.2.3}{\376\377\000G\000U\000I\000\040\000E\000d\000i\000t\000o\000r\000y}{chapter.2}% 5
\BOOKMARK [1][-]{section.2.4}{\376\377\000D\000e\000k\000l\000a\000r\000a\000t\000i\000v\000n\000\355\000\040\000G\000U\000I}{chapter.2}% 6
\BOOKMARK [1][-]{section.2.5}{\376\377\000J\000a\000z\000y\000k\000\040\000Q\000M\000L}{chapter.2}% 7
\BOOKMARK [0][-]{chapter.3}{\376\377\000N\000\341\000v\000r\000h\000\040\000J\000a\000z\000y\000k\000a}{}% 8
\BOOKMARK [1][-]{section.3.1}{\376\377\000J\000a\000z\000y\000k\000\040\000C\000Q\000M\000L\000\040\000-\000\040\000N\000\341\000v\000r\000h\000\040\000a\000\040\000v\000l\000a\000s\000t\000n\000o\000s\000t\000i}{chapter.3}% 9
\BOOKMARK [0][-]{chapter.4}{\376\377\000N\000\341\000v\000r\000h\000\040\000a\000p\000l\000i\000k\000a\000c\000e}{}% 10
\BOOKMARK [1][-]{section.4.1}{\376\377\000D\000e\000k\000l\000a\000r\000a\000c\000e\000\040\000v\000e\000s\000t\000a\000v\001\033\000n\000\375\000c\000h\000\040\000t\000y\000p\001\157}{chapter.4}% 11
\BOOKMARK [1][-]{section.4.2}{\376\377\000P\001\131\000e\000k\000l\000a\000d\000a\001\015}{chapter.4}% 12
\BOOKMARK [1][-]{section.4.3}{\376\377\000P\000r\000e\000p\000r\000o\000c\000e\000s\000o\000r\000\040\000d\000a\000t\000o\000v\000\375\000c\000h\000\040\000t\000y\000p\001\157}{chapter.4}% 13
\BOOKMARK [1][-]{section.4.4}{\376\377\000K\000n\000i\000h\000o\000v\000n\000a}{chapter.4}% 14
\BOOKMARK [0][-]{chapter.5}{\376\377\000I\000m\000p\000l\000e\000m\000e\000n\000t\000a\000c\000e}{}% 15
\BOOKMARK [1][-]{section.5.1}{\376\377\000P\001\131\000i\000d\000\341\000v\000\341\000n\000\355\000\040\000v\000e\000s\000t\000a\000v\001\033\000n\000\375\000c\000h\000\040\000t\000y\000p\001\157}{chapter.5}% 16
\BOOKMARK [1][-]{section.5.2}{\376\377\000P\001\131\000e\000k\000l\000a\000d\000a\001\015}{chapter.5}% 17
\BOOKMARK [1][-]{section.5.3}{\376\377\000P\000r\000e\000p\000r\000o\000c\000e\000s\000o\000r\000\040\000v\000e\000s\000t\000a\000v\001\033\000n\000\375\000c\000h\000\040\000t\000y\000p\001\157}{chapter.5}% 18
\BOOKMARK [1][-]{section.5.4}{\376\377\000K\000n\000i\000h\000o\000v\000n\000a}{chapter.5}% 19
\BOOKMARK [1][-]{section.5.5}{\376\377\000U\001\176\000i\000v\000a\000t\000e\000l\000s\000k\000\341\000\040\000a\000p\000l\000i\000k\000a\000c\000e}{chapter.5}% 20
\BOOKMARK [0][-]{chapter.6}{\376\377\000V\000\375\000s\000l\000e\000d\000k\000y}{}% 21
\BOOKMARK [1][-]{section.6.1}{\376\377\000S\000r\000o\000v\000n\000\341\000n\000\355\000\040\000t\000v\000o\000r\000b\000y\000\040\000j\000e\000d\000n\000o\000d\000u\000c\000h\000\351\000h\000o\000\040\000r\000o\000z\000h\000r\000a\000n\000\355\000\040\000p\000o\000m\000o\000c\000\355\000\040\000C\000Q\000M\000L\000\040\000a\000\040\000Q\000M\000L}{chapter.6}% 22
\BOOKMARK [1][-]{section.6.2}{\376\377\000P\000o\000r\000o\000v\000n\000\341\000n\000\355\000\040\000Q\000M\000L\000\040\000a\000\040\000C\000Q\000M\000L}{chapter.6}% 23
\BOOKMARK [1][-]{section.6.3}{\376\377\000Z\000\341\000v\001\033\000r}{chapter.6}% 24
\BOOKMARK [0][-]{appendix.A}{\376\377\000P\001\131\000\355\000l\000o\000h\000a\000\040\000A\000\040\000-\000\040\000G\000r\000a\000m\000a\000t\000i\000k\000a\000\040}{}% 25
\BOOKMARK [0][-]{appendix.B}{\376\377\000P\001\131\000\355\000l\000o\000h\000a\000\040\000B\000\040\000-\000\040\000P\000o\000u\001\176\000i\000t\000\351\000\040\000t\000e\000c\000h\000n\000o\000l\000o\000g\000i\000e\000\040}{}% 26
